d:\code_stm32\r6581_vs_display\visualgdb\debug\r6581_vs_display.o
d:\code_stm32\r6581_vs_display\visualgdb\debug\r6581_vs_display.link.rsp
d:\code_stm32\r6581_vs_display\visualgdb\debug\r6581_vs_display.bin
d:\code_stm32\r6581_vs_display\visualgdb\debug\r6581_vs_display.alldeps
d:\code_stm32\r6581_vs_display\visualgdb\debug\r6581_vs_display
d:\code_stm32\r6581_vs_display\visualgdb\debug\r6581_vs_display.bin2obj.rsp
d:\code_stm32\r6581_vs_display\visualgdb\debug\r6581_vs_display.data2rodata.rsp
d:\code_stm32\r6581_vs_display\visualgdb\debug\r6581_vs_display.mkbin.rsp
d:\code_stm32\r6581_vs_display\visualgdb\debug\r6581_vs_display.mkihex.rsp
d:\code_stm32\r6581_vs_display\visualgdb\debug\core\src\display.o
d:\code_stm32\r6581_vs_display\visualgdb\debug\core\src\dma.o
d:\code_stm32\r6581_vs_display\visualgdb\debug\core\src\gpio.o
d:\code_stm32\r6581_vs_display\visualgdb\debug\core\src\lcd.o
d:\code_stm32\r6581_vs_display\visualgdb\debug\core\src\lt7680.o
d:\code_stm32\r6581_vs_display\visualgdb\debug\core\src\main.o
d:\code_stm32\r6581_vs_display\visualgdb\debug\core\src\spi.o
d:\code_stm32\r6581_vs_display\visualgdb\debug\core\src\stm32f1xx_hal_msp.o
d:\code_stm32\r6581_vs_display\visualgdb\debug\core\src\stm32f1xx_it.o
d:\code_stm32\r6581_vs_display\visualgdb\debug\core\src\syscalls.o
d:\code_stm32\r6581_vs_display\visualgdb\debug\core\src\sysmem.o
d:\code_stm32\r6581_vs_display\visualgdb\debug\core\src\system_stm32f1xx.o
d:\code_stm32\r6581_vs_display\visualgdb\debug\core\src\timer.o
d:\code_stm32\r6581_vs_display\visualgdb\debug\core\src\display.dep
d:\code_stm32\r6581_vs_display\visualgdb\debug\core\src\dma.dep
d:\code_stm32\r6581_vs_display\visualgdb\debug\core\src\gpio.dep
d:\code_stm32\r6581_vs_display\visualgdb\debug\core\src\lcd.dep
d:\code_stm32\r6581_vs_display\visualgdb\debug\core\src\lt7680.dep
d:\code_stm32\r6581_vs_display\visualgdb\debug\core\src\main.dep
d:\code_stm32\r6581_vs_display\visualgdb\debug\core\src\spi.dep
d:\code_stm32\r6581_vs_display\visualgdb\debug\core\src\stm32f1xx_hal_msp.dep
d:\code_stm32\r6581_vs_display\visualgdb\debug\core\src\stm32f1xx_it.dep
d:\code_stm32\r6581_vs_display\visualgdb\debug\core\src\syscalls.dep
d:\code_stm32\r6581_vs_display\visualgdb\debug\core\src\sysmem.dep
d:\code_stm32\r6581_vs_display\visualgdb\debug\core\src\system_stm32f1xx.dep
d:\code_stm32\r6581_vs_display\visualgdb\debug\core\src\timer.dep
d:\code_stm32\r6581_vs_display\visualgdb\debug\core\src\display.gcc.rsp
d:\code_stm32\r6581_vs_display\visualgdb\debug\core\src\dma.gcc.rsp
d:\code_stm32\r6581_vs_display\visualgdb\debug\core\src\gpio.gcc.rsp
d:\code_stm32\r6581_vs_display\visualgdb\debug\core\src\lcd.gcc.rsp
d:\code_stm32\r6581_vs_display\visualgdb\debug\core\src\lt7680.gcc.rsp
d:\code_stm32\r6581_vs_display\visualgdb\debug\core\src\main.gcc.rsp
d:\code_stm32\r6581_vs_display\visualgdb\debug\core\src\spi.gcc.rsp
d:\code_stm32\r6581_vs_display\visualgdb\debug\core\src\stm32f1xx_hal_msp.gcc.rsp
d:\code_stm32\r6581_vs_display\visualgdb\debug\core\src\stm32f1xx_it.gcc.rsp
d:\code_stm32\r6581_vs_display\visualgdb\debug\core\src\syscalls.gcc.rsp
d:\code_stm32\r6581_vs_display\visualgdb\debug\core\src\sysmem.gcc.rsp
d:\code_stm32\r6581_vs_display\visualgdb\debug\core\src\system_stm32f1xx.gcc.rsp
d:\code_stm32\r6581_vs_display\visualgdb\debug\core\src\timer.gcc.rsp
d:\code_stm32\r6581_vs_display\visualgdb\debug\core\startup\startup_stm32f103c8tx.o
d:\code_stm32\r6581_vs_display\visualgdb\debug\core\startup\startup_stm32f103c8tx.dep
d:\code_stm32\r6581_vs_display\visualgdb\debug\core\startup\startup_stm32f103c8tx.gcc.rsp
d:\code_stm32\r6581_vs_display\visualgdb\debug\drivers\stm32f1xx_hal_driver\src\stm32f1xx_hal.o
d:\code_stm32\r6581_vs_display\visualgdb\debug\drivers\stm32f1xx_hal_driver\src\stm32f1xx_hal_cortex.o
d:\code_stm32\r6581_vs_display\visualgdb\debug\drivers\stm32f1xx_hal_driver\src\stm32f1xx_hal_dma.o
d:\code_stm32\r6581_vs_display\visualgdb\debug\drivers\stm32f1xx_hal_driver\src\stm32f1xx_hal_exti.o
d:\code_stm32\r6581_vs_display\visualgdb\debug\drivers\stm32f1xx_hal_driver\src\stm32f1xx_hal_flash.o
d:\code_stm32\r6581_vs_display\visualgdb\debug\drivers\stm32f1xx_hal_driver\src\stm32f1xx_hal_flash_ex.o
d:\code_stm32\r6581_vs_display\visualgdb\debug\drivers\stm32f1xx_hal_driver\src\stm32f1xx_hal_gpio.o
d:\code_stm32\r6581_vs_display\visualgdb\debug\drivers\stm32f1xx_hal_driver\src\stm32f1xx_hal_gpio_ex.o
d:\code_stm32\r6581_vs_display\visualgdb\debug\drivers\stm32f1xx_hal_driver\src\stm32f1xx_hal_pwr.o
d:\code_stm32\r6581_vs_display\visualgdb\debug\drivers\stm32f1xx_hal_driver\src\stm32f1xx_hal_rcc.o
d:\code_stm32\r6581_vs_display\visualgdb\debug\drivers\stm32f1xx_hal_driver\src\stm32f1xx_hal_rcc_ex.o
d:\code_stm32\r6581_vs_display\visualgdb\debug\drivers\stm32f1xx_hal_driver\src\stm32f1xx_hal_spi.o
d:\code_stm32\r6581_vs_display\visualgdb\debug\drivers\stm32f1xx_hal_driver\src\stm32f1xx_hal_tim.o
d:\code_stm32\r6581_vs_display\visualgdb\debug\drivers\stm32f1xx_hal_driver\src\stm32f1xx_hal_tim_ex.o
d:\code_stm32\r6581_vs_display\visualgdb\debug\drivers\stm32f1xx_hal_driver\src\stm32f1xx_hal.dep
d:\code_stm32\r6581_vs_display\visualgdb\debug\drivers\stm32f1xx_hal_driver\src\stm32f1xx_hal_cortex.dep
d:\code_stm32\r6581_vs_display\visualgdb\debug\drivers\stm32f1xx_hal_driver\src\stm32f1xx_hal_dma.dep
d:\code_stm32\r6581_vs_display\visualgdb\debug\drivers\stm32f1xx_hal_driver\src\stm32f1xx_hal_exti.dep
d:\code_stm32\r6581_vs_display\visualgdb\debug\drivers\stm32f1xx_hal_driver\src\stm32f1xx_hal_flash.dep
d:\code_stm32\r6581_vs_display\visualgdb\debug\drivers\stm32f1xx_hal_driver\src\stm32f1xx_hal_flash_ex.dep
d:\code_stm32\r6581_vs_display\visualgdb\debug\drivers\stm32f1xx_hal_driver\src\stm32f1xx_hal_gpio.dep
d:\code_stm32\r6581_vs_display\visualgdb\debug\drivers\stm32f1xx_hal_driver\src\stm32f1xx_hal_gpio_ex.dep
d:\code_stm32\r6581_vs_display\visualgdb\debug\drivers\stm32f1xx_hal_driver\src\stm32f1xx_hal_pwr.dep
d:\code_stm32\r6581_vs_display\visualgdb\debug\drivers\stm32f1xx_hal_driver\src\stm32f1xx_hal_rcc.dep
d:\code_stm32\r6581_vs_display\visualgdb\debug\drivers\stm32f1xx_hal_driver\src\stm32f1xx_hal_rcc_ex.dep
d:\code_stm32\r6581_vs_display\visualgdb\debug\drivers\stm32f1xx_hal_driver\src\stm32f1xx_hal_spi.dep
d:\code_stm32\r6581_vs_display\visualgdb\debug\drivers\stm32f1xx_hal_driver\src\stm32f1xx_hal_tim.dep
d:\code_stm32\r6581_vs_display\visualgdb\debug\drivers\stm32f1xx_hal_driver\src\stm32f1xx_hal_tim_ex.dep
d:\code_stm32\r6581_vs_display\visualgdb\debug\drivers\stm32f1xx_hal_driver\src\stm32f1xx_hal.gcc.rsp
d:\code_stm32\r6581_vs_display\visualgdb\debug\drivers\stm32f1xx_hal_driver\src\stm32f1xx_hal_cortex.gcc.rsp
d:\code_stm32\r6581_vs_display\visualgdb\debug\drivers\stm32f1xx_hal_driver\src\stm32f1xx_hal_dma.gcc.rsp
d:\code_stm32\r6581_vs_display\visualgdb\debug\drivers\stm32f1xx_hal_driver\src\stm32f1xx_hal_exti.gcc.rsp
d:\code_stm32\r6581_vs_display\visualgdb\debug\drivers\stm32f1xx_hal_driver\src\stm32f1xx_hal_flash.gcc.rsp
d:\code_stm32\r6581_vs_display\visualgdb\debug\drivers\stm32f1xx_hal_driver\src\stm32f1xx_hal_flash_ex.gcc.rsp
d:\code_stm32\r6581_vs_display\visualgdb\debug\drivers\stm32f1xx_hal_driver\src\stm32f1xx_hal_gpio.gcc.rsp
d:\code_stm32\r6581_vs_display\visualgdb\debug\drivers\stm32f1xx_hal_driver\src\stm32f1xx_hal_gpio_ex.gcc.rsp
d:\code_stm32\r6581_vs_display\visualgdb\debug\drivers\stm32f1xx_hal_driver\src\stm32f1xx_hal_pwr.gcc.rsp
d:\code_stm32\r6581_vs_display\visualgdb\debug\drivers\stm32f1xx_hal_driver\src\stm32f1xx_hal_rcc.gcc.rsp
d:\code_stm32\r6581_vs_display\visualgdb\debug\drivers\stm32f1xx_hal_driver\src\stm32f1xx_hal_rcc_ex.gcc.rsp
d:\code_stm32\r6581_vs_display\visualgdb\debug\drivers\stm32f1xx_hal_driver\src\stm32f1xx_hal_spi.gcc.rsp
d:\code_stm32\r6581_vs_display\visualgdb\debug\drivers\stm32f1xx_hal_driver\src\stm32f1xx_hal_tim.gcc.rsp
d:\code_stm32\r6581_vs_display\visualgdb\debug\drivers\stm32f1xx_hal_driver\src\stm32f1xx_hal_tim_ex.gcc.rsp
d:\code_stm32\r6581_vs_display\visualgdb\debug\__localappdata__\visualgdb\embeddedefps\profiler\fastsemihosting.o
d:\code_stm32\r6581_vs_display\visualgdb\debug\__localappdata__\visualgdb\embeddedefps\profiler\instrumentingprofiler.o
d:\code_stm32\r6581_vs_display\visualgdb\debug\__localappdata__\visualgdb\embeddedefps\profiler\profilerrtos_freertos.o
d:\code_stm32\r6581_vs_display\visualgdb\debug\__localappdata__\visualgdb\embeddedefps\profiler\testresourcemanager.o
d:\code_stm32\r6581_vs_display\visualgdb\debug\__localappdata__\visualgdb\embeddedefps\profiler\fastsemihosting.dep
d:\code_stm32\r6581_vs_display\visualgdb\debug\__localappdata__\visualgdb\embeddedefps\profiler\instrumentingprofiler.dep
d:\code_stm32\r6581_vs_display\visualgdb\debug\__localappdata__\visualgdb\embeddedefps\profiler\profilerrtos_freertos.dep
d:\code_stm32\r6581_vs_display\visualgdb\debug\__localappdata__\visualgdb\embeddedefps\profiler\testresourcemanager.dep
d:\code_stm32\r6581_vs_display\visualgdb\debug\__localappdata__\visualgdb\embeddedefps\profiler\fastsemihosting.gcc.rsp
d:\code_stm32\r6581_vs_display\visualgdb\debug\__localappdata__\visualgdb\embeddedefps\profiler\instrumentingprofiler.gcc.rsp
d:\code_stm32\r6581_vs_display\visualgdb\debug\__localappdata__\visualgdb\embeddedefps\profiler\profilerrtos_freertos.gcc.rsp
d:\code_stm32\r6581_vs_display\visualgdb\debug\__localappdata__\visualgdb\embeddedefps\profiler\testresourcemanager.gcc.rsp
